* using log directory ‘/Users/mac/Documents/GitHub/shoppingwords/..Rcheck’
* using R version 4.4.1 (2024-06-14)
* using platform: aarch64-apple-darwin20
* R was compiled by
    Apple clang version 14.0.0 (clang-1400.0.29.202)
    GNU Fortran (GCC) 12.2.0
* running under: macOS 15.4.1
* using session charset: UTF-8
* checking for file ‘./DESCRIPTION’ ... OK
* this is package ‘shoppingwords’ version ‘1.0.0’
* package encoding: UTF-8
* checking package namespace information ... OK
* checking package dependencies ... OK
* checking if this is a source package ... OK
* checking if there is a namespace ... OK
* checking for executable files ... OK
* checking for hidden files and directories ... NOTE
Found the following hidden files and directories:
  .DS_Store
  .Rhistory
  .Rproj.user/.DS_Store
  .Rproj.user/B75275DF/.DS_Store
  .Rproj.user/shared/.DS_Store
  .git/.COMMIT_EDITMSG.swp
  .git/.DS_Store
  .git/logs/.DS_Store
  .git/objects/.DS_Store
  .git/refs/.DS_Store
  .gitignore
  inst/.DS_Store
  ..Rcheck
  .Rproj.user
  .git
These were most likely included in error. See section ‘Package
structure’ in the ‘Writing R Extensions’ manual.
* checking for portable file names ... OK
* checking for sufficient/correct file permissions ... OK
* checking whether package ‘shoppingwords’ can be installed ... OK
* checking installed package size ... NOTE
  installed size is 16.1Mb
  sub-directories of 1Mb or more:
    extdata  16.0Mb
* checking package directory ... OK
* checking DESCRIPTION meta-information ... NOTE
License components which are templates and need '+ file LICENSE':
  MIT
Checking should be performed on sources prepared by ‘R CMD build’.
* checking top-level files ... NOTE
File
  LICENSE
is not mentioned in the DESCRIPTION file.
* checking for left-over files ... OK
* checking index information ... OK
* checking package subdirectories ... WARNING
Found the following directory with the name of a check directory:
  ./..Rcheck
Most likely, these were included erroneously.
Subdirectory ‘data’ contains no data sets.
* checking code files for non-ASCII characters ... WARNING
Found the following file with non-ASCII characters:
  R/normalize_text.R
Portable packages must use only ASCII characters in their R code and
NAMESPACE directives, except perhaps in comments.
Use \uxxxx escapes for other characters.
Function ‘tools::showNonASCIIfile’ can help in finding non-ASCII
characters in files.
* checking R files for syntax errors ... OK
* checking whether the package can be loaded ... OK
* checking whether the package can be loaded with stated dependencies ... OK
* checking whether the package can be unloaded cleanly ... OK
* checking whether the namespace can be loaded with stated dependencies ... OK
* checking whether the namespace can be unloaded cleanly ... OK
* checking loading without being on the library search path ... OK
* checking dependencies in R code ... OK
* checking S3 generic/method consistency ... OK
* checking replacement functions ... OK
* checking foreign function calls ... OK
* checking R code for possible problems ... NOTE
load_corrected_words: no visible global function definition for
  ‘everything’
normalize_text: no visible binding for global variable ‘stopwords_tr’
Undefined global functions or variables:
  everything stopwords_tr
* checking Rd files ... OK
* checking Rd metadata ... OK
* checking Rd cross-references ... OK
* checking for missing documentation entries ... OK
* checking for code/documentation mismatches ... OK
* checking Rd \usage sections ... OK
* checking Rd contents ... OK
* checking for unstated dependencies in examples ... OK
* checking contents of ‘data’ directory ... OK
* checking data for non-ASCII characters ... OK
* checking LazyData ... OK
* checking data for ASCII and uncompressed saves ... OK
* checking examples ... ERROR
Running examples in ‘shoppingwords-Ex.R’ failed
The error most likely occurred in:

> ### Name: normalize_text
> ### Title: Normalize stopwords This function loads stopwords from a CSV
> ###   file within the package.
> ### Aliases: normalize_text
> 
> ### ** Examples
> 
> user_input <- "Göre"
> match <- amatch("göre", stopwords_all, method = "lv", maxDist = 1)
Error in amatch("göre", stopwords_all, method = "lv", maxDist = 1) : 
  could not find function "amatch"
Execution halted
* checking PDF version of manual ... OK
* DONE
Status: 1 ERROR, 2 WARNINGs, 5 NOTEs
