Hmm ... looks like a package
Converting parsed Rd's to LaTeX 
Creating pdf output from LaTeX ...

This is pdfTeX, Version 3.141592653-2.6-1.40.26 (TeX Live 2024) (preloaded format=pdflatex)
 restricted \write18 enabled.
entering extended mode
LaTeX2e <2024-11-01> patch level 1
L3 programming layer <2024-12-09>
(./Rd2.tex
(/Users/mac/Library/TinyTeX/texmf-dist/tex/latex/base/book.cls
Document Class: book 2024/06/29 v1.4n Standard LaTeX document class
(/Users/mac/Library/TinyTeX/texmf-dist/tex/latex/base/bk10.clo)) (/Library/Frameworks/R.framework/Resources/share/texmf/tex/latex/Rd.sty (/Users/mac/Library/TinyTeX/texmf-dist/tex/latex/base/ifthen.sty) (/Users/mac/Library/TinyTeX/texmf-dist/tex/generic/iftex/iftex.sty) (/Users/mac/Library/TinyTeX/texmf-dist/tex/latex/tools/longtable.sty) (/Users/mac/Library/TinyTeX/texmf-dist/tex/latex/tools/bm.sty) (/Users/mac/Library/TinyTeX/texmf-dist/tex/latex/base/alltt.sty) (/Users/mac/Library/TinyTeX/texmf-dist/tex/latex/tools/verbatim.sty) (/Users/mac/Library/TinyTeX/texmf-dist/tex/latex/url/url.sty) (/Users/mac/Library/TinyTeX/texmf-dist/tex/latex/base/textcomp.sty) (/Users/mac/Library/TinyTeX/texmf-dist/tex/latex/amsmath/amsmath.sty
For additional information on amsmath, use the `?' option.
(/Users/mac/Library/TinyTeX/texmf-dist/tex/latex/amsmath/amstext.sty (/Users/mac/Library/TinyTeX/texmf-dist/tex/latex/amsmath/amsgen.sty)) (/Users/mac/Library/TinyTeX/texmf-dist/tex/latex/amsmath/amsbsy.sty) (/Users/mac/Library/TinyTeX/texmf-dist/tex/latex/amsmath/amsopn.sty)) (/Users/mac/Library/TinyTeX/texmf-dist/tex/latex/amsfonts/amsfonts.sty) (/Users/mac/Library/TinyTeX/texmf-dist/tex/latex/amsfonts/amssymb.sty) (/Users/mac/Library/TinyTeX/texmf-dist/tex/latex/amsfonts/eucal.sty) (/Users/mac/Library/TinyTeX/texmf-dist/tex/latex/base/fontenc.sty) (/Users/mac/Library/TinyTeX/texmf-dist/tex/latex/psnfss/times.sty) (/Users/mac/Library/TinyTeX/texmf-dist/tex/latex/inconsolata/zi4.sty `inconsolata-zi4' v1.12, 2019/05/17 Text macros for Inconsolata (msharpe) (/Users/mac/Library/TinyTeX/texmf-dist/tex/latex/xkeyval/xkeyval.sty (/Users/mac/Library/TinyTeX/texmf-dist/tex/generic/xkeyval/xkeyval.tex (/Users/mac/Library/TinyTeX/texmf-dist/tex/generic/xkeyval/xkvutils.tex (/Users/mac/Library/TinyTeX/texmf-dist/tex/generic/xkeyval/keyval.tex))))) (/Users/mac/Library/TinyTeX/texmf-dist/tex/latex/graphics/color.sty (/Users/mac/Library/TinyTeX/texmf-dist/tex/latex/graphics-cfg/color.cfg) (/Users/mac/Library/TinyTeX/texmf-dist/tex/latex/graphics-def/pdftex.def) (/Users/mac/Library/TinyTeX/texmf-dist/tex/latex/graphics/mathcolor.ltx)) (/Users/mac/Library/TinyTeX/texmf-dist/tex/latex/hyperref/hyperref.sty (/Users/mac/Library/TinyTeX/texmf-dist/tex/latex/kvsetkeys/kvsetkeys.sty) (/Users/mac/Library/TinyTeX/texmf-dist/tex/generic/kvdefinekeys/kvdefinekeys.sty) (/Users/mac/Library/TinyTeX/texmf-dist/tex/generic/pdfescape/pdfescape.sty (/Users/mac/Library/TinyTeX/texmf-dist/tex/generic/ltxcmds/ltxcmds.sty) (/Users/mac/Library/TinyTeX/texmf-dist/tex/generic/pdftexcmds/pdftexcmds.sty (/Users/mac/Library/TinyTeX/texmf-dist/tex/generic/infwarerr/infwarerr.sty))) (/Users/mac/Library/TinyTeX/texmf-dist/tex/latex/hycolor/hycolor.sty) (/Users/mac/Library/TinyTeX/texmf-dist/tex/latex/hyperref/nameref.sty (/Users/mac/Library/TinyTeX/texmf-dist/tex/latex/refcount/refcount.sty) (/Users/mac/Library/TinyTeX/texmf-dist/tex/generic/gettitlestring/gettitlestring.sty (/Users/mac/Library/TinyTeX/texmf-dist/tex/latex/kvoptions/kvoptions.sty))) (/Users/mac/Library/TinyTeX/texmf-dist/tex/latex/etoolbox/etoolbox.sty) (/Users/mac/Library/TinyTeX/texmf-dist/tex/generic/stringenc/stringenc.sty) (/Users/mac/Library/TinyTeX/texmf-dist/tex/latex/hyperref/pd1enc.def) (/Users/mac/Library/TinyTeX/texmf-dist/tex/generic/intcalc/intcalc.sty) (/Users/mac/Library/TinyTeX/texmf-dist/tex/latex/hyperref/puenc.def) (/Users/mac/Library/TinyTeX/texmf-dist/tex/generic/bitset/bitset.sty (/Users/mac/Library/TinyTeX/texmf-dist/tex/generic/bigintcalc/bigintcalc.sty)) (/Users/mac/Library/TinyTeX/texmf-dist/tex/latex/base/atbegshi-ltx.sty)) (/Users/mac/Library/TinyTeX/texmf-dist/tex/latex/hyperref/hpdftex.def (/Users/mac/Library/TinyTeX/texmf-dist/tex/latex/base/atveryend-ltx.sty) (/Users/mac/Library/TinyTeX/texmf-dist/tex/latex/rerunfilecheck/rerunfilecheck.sty (/Users/mac/Library/TinyTeX/texmf-dist/tex/generic/uniquecounter/uniquecounter.sty)))) (/Users/mac/Library/TinyTeX/texmf-dist/tex/latex/base/makeidx.sty)
Writing index file Rd2.idx
(/Users/mac/Library/TinyTeX/texmf-dist/tex/latex/psnfss/t1ptm.fd) (/Users/mac/Library/TinyTeX/texmf-dist/tex/latex/l3backend/l3backend-pdftex.def)
No file Rd2.aux.
(/Users/mac/Library/TinyTeX/texmf-dist/tex/latex/inconsolata/t1zi4.fd)
No file Rd2.toc.
(/Users/mac/Library/TinyTeX/texmf-dist/tex/latex/amsfonts/umsa.fd) (/Users/mac/Library/TinyTeX/texmf-dist/tex/latex/amsfonts/umsb.fd)
[1{/Users/mac/Library/TinyTeX/texmf-var/fonts/map/pdftex/updmap/pdftex.map}{/Users/mac/Library/TinyTeX/texmf-dist/fonts/enc/dvips/base/8r.enc}{/Users/mac/Library/TinyTeX/texmf-dist/fonts/enc/dvips/inconsolata/i4-t1-0.enc}]
[2]
No file Rd2.ind.

[3] (/private/var/folders/lv/74nm7z452ydf2qvhyy53m2800000gn/T/RtmpYapd35/Rd2pdf146db19dcd087/Rd2.aux)

Package rerunfilecheck Warning: File `Rd2.out' has changed.
(rerunfilecheck)                Rerun to get outlines right
(rerunfilecheck)                or use package `bookmark'.

 )</Users/mac/Library/TinyTeX/texmf-dist/fonts/type1/public/inconsolata/Inconsolata-zi4r.pfb></Users/mac/Library/TinyTeX/texmf-dist/fonts/type1/urw/times/utmb8a.pfb></Users/mac/Library/TinyTeX/texmf-dist/fonts/type1/urw/times/utmr8a.pfb></Users/mac/Library/TinyTeX/texmf-dist/fonts/type1/urw/times/utmr8a.pfb></Users/mac/Library/TinyTeX/texmf-dist/fonts/type1/urw/times/utmri8a.pfb>
Output written on Rd2.pdf (3 pages, 72332 bytes).
Transcript written on Rd2.log.
This is makeindex, version 2.17 [TeX Live 2024] (kpathsea + Thai support).
Scanning input file Rd2.idx....done (4 entries accepted, 0 rejected).
Sorting entries....done (9 comparisons).
Generating output file Rd2.ind....done (11 lines written, 0 warnings).
Output written in Rd2.ind.
Transcript written in Rd2.ilg.
This is pdfTeX, Version 3.141592653-2.6-1.40.26 (TeX Live 2024) (preloaded format=pdflatex)
 restricted \write18 enabled.
entering extended mode
LaTeX2e <2024-11-01> patch level 1
L3 programming layer <2024-12-09>
(./Rd2.tex
(/Users/mac/Library/TinyTeX/texmf-dist/tex/latex/base/book.cls
Document Class: book 2024/06/29 v1.4n Standard LaTeX document class
(/Users/mac/Library/TinyTeX/texmf-dist/tex/latex/base/bk10.clo)) (/Library/Frameworks/R.framework/Resources/share/texmf/tex/latex/Rd.sty (/Users/mac/Library/TinyTeX/texmf-dist/tex/latex/base/ifthen.sty) (/Users/mac/Library/TinyTeX/texmf-dist/tex/generic/iftex/iftex.sty) (/Users/mac/Library/TinyTeX/texmf-dist/tex/latex/tools/longtable.sty) (/Users/mac/Library/TinyTeX/texmf-dist/tex/latex/tools/bm.sty) (/Users/mac/Library/TinyTeX/texmf-dist/tex/latex/base/alltt.sty) (/Users/mac/Library/TinyTeX/texmf-dist/tex/latex/tools/verbatim.sty) (/Users/mac/Library/TinyTeX/texmf-dist/tex/latex/url/url.sty) (/Users/mac/Library/TinyTeX/texmf-dist/tex/latex/base/textcomp.sty) (/Users/mac/Library/TinyTeX/texmf-dist/tex/latex/amsmath/amsmath.sty
For additional information on amsmath, use the `?' option.
(/Users/mac/Library/TinyTeX/texmf-dist/tex/latex/amsmath/amstext.sty (/Users/mac/Library/TinyTeX/texmf-dist/tex/latex/amsmath/amsgen.sty)) (/Users/mac/Library/TinyTeX/texmf-dist/tex/latex/amsmath/amsbsy.sty) (/Users/mac/Library/TinyTeX/texmf-dist/tex/latex/amsmath/amsopn.sty)) (/Users/mac/Library/TinyTeX/texmf-dist/tex/latex/amsfonts/amsfonts.sty) (/Users/mac/Library/TinyTeX/texmf-dist/tex/latex/amsfonts/amssymb.sty) (/Users/mac/Library/TinyTeX/texmf-dist/tex/latex/amsfonts/eucal.sty) (/Users/mac/Library/TinyTeX/texmf-dist/tex/latex/base/fontenc.sty) (/Users/mac/Library/TinyTeX/texmf-dist/tex/latex/psnfss/times.sty) (/Users/mac/Library/TinyTeX/texmf-dist/tex/latex/inconsolata/zi4.sty `inconsolata-zi4' v1.12, 2019/05/17 Text macros for Inconsolata (msharpe) (/Users/mac/Library/TinyTeX/texmf-dist/tex/latex/xkeyval/xkeyval.sty (/Users/mac/Library/TinyTeX/texmf-dist/tex/generic/xkeyval/xkeyval.tex (/Users/mac/Library/TinyTeX/texmf-dist/tex/generic/xkeyval/xkvutils.tex (/Users/mac/Library/TinyTeX/texmf-dist/tex/generic/xkeyval/keyval.tex))))) (/Users/mac/Library/TinyTeX/texmf-dist/tex/latex/graphics/color.sty (/Users/mac/Library/TinyTeX/texmf-dist/tex/latex/graphics-cfg/color.cfg) (/Users/mac/Library/TinyTeX/texmf-dist/tex/latex/graphics-def/pdftex.def) (/Users/mac/Library/TinyTeX/texmf-dist/tex/latex/graphics/mathcolor.ltx)) (/Users/mac/Library/TinyTeX/texmf-dist/tex/latex/hyperref/hyperref.sty (/Users/mac/Library/TinyTeX/texmf-dist/tex/latex/kvsetkeys/kvsetkeys.sty) (/Users/mac/Library/TinyTeX/texmf-dist/tex/generic/kvdefinekeys/kvdefinekeys.sty) (/Users/mac/Library/TinyTeX/texmf-dist/tex/generic/pdfescape/pdfescape.sty (/Users/mac/Library/TinyTeX/texmf-dist/tex/generic/ltxcmds/ltxcmds.sty) (/Users/mac/Library/TinyTeX/texmf-dist/tex/generic/pdftexcmds/pdftexcmds.sty (/Users/mac/Library/TinyTeX/texmf-dist/tex/generic/infwarerr/infwarerr.sty))) (/Users/mac/Library/TinyTeX/texmf-dist/tex/latex/hycolor/hycolor.sty) (/Users/mac/Library/TinyTeX/texmf-dist/tex/latex/hyperref/nameref.sty (/Users/mac/Library/TinyTeX/texmf-dist/tex/latex/refcount/refcount.sty) (/Users/mac/Library/TinyTeX/texmf-dist/tex/generic/gettitlestring/gettitlestring.sty (/Users/mac/Library/TinyTeX/texmf-dist/tex/latex/kvoptions/kvoptions.sty))) (/Users/mac/Library/TinyTeX/texmf-dist/tex/latex/etoolbox/etoolbox.sty) (/Users/mac/Library/TinyTeX/texmf-dist/tex/generic/stringenc/stringenc.sty) (/Users/mac/Library/TinyTeX/texmf-dist/tex/latex/hyperref/pd1enc.def) (/Users/mac/Library/TinyTeX/texmf-dist/tex/generic/intcalc/intcalc.sty) (/Users/mac/Library/TinyTeX/texmf-dist/tex/latex/hyperref/puenc.def) (/Users/mac/Library/TinyTeX/texmf-dist/tex/generic/bitset/bitset.sty (/Users/mac/Library/TinyTeX/texmf-dist/tex/generic/bigintcalc/bigintcalc.sty)) (/Users/mac/Library/TinyTeX/texmf-dist/tex/latex/base/atbegshi-ltx.sty)) (/Users/mac/Library/TinyTeX/texmf-dist/tex/latex/hyperref/hpdftex.def (/Users/mac/Library/TinyTeX/texmf-dist/tex/latex/base/atveryend-ltx.sty) (/Users/mac/Library/TinyTeX/texmf-dist/tex/latex/rerunfilecheck/rerunfilecheck.sty (/Users/mac/Library/TinyTeX/texmf-dist/tex/generic/uniquecounter/uniquecounter.sty)))) (/Users/mac/Library/TinyTeX/texmf-dist/tex/latex/base/makeidx.sty)
Writing index file Rd2.idx
(/Users/mac/Library/TinyTeX/texmf-dist/tex/latex/psnfss/t1ptm.fd) (/Users/mac/Library/TinyTeX/texmf-dist/tex/latex/l3backend/l3backend-pdftex.def) (/private/var/folders/lv/74nm7z452ydf2qvhyy53m2800000gn/T/RtmpYapd35/Rd2pdf146db19dcd087/Rd2.aux) (/private/var/folders/lv/74nm7z452ydf2qvhyy53m2800000gn/T/RtmpYapd35/Rd2pdf146db19dcd087/Rd2.out) (/private/var/folders/lv/74nm7z452ydf2qvhyy53m2800000gn/T/RtmpYapd35/Rd2pdf146db19dcd087/Rd2.out) (/Users/mac/Library/TinyTeX/texmf-dist/tex/latex/inconsolata/t1zi4.fd) (/private/var/folders/lv/74nm7z452ydf2qvhyy53m2800000gn/T/RtmpYapd35/Rd2pdf146db19dcd087/Rd2.toc (/Users/mac/Library/TinyTeX/texmf-dist/tex/latex/amsfonts/umsa.fd) (/Users/mac/Library/TinyTeX/texmf-dist/tex/latex/amsfonts/umsb.fd))
[1{/Users/mac/Library/TinyTeX/texmf-var/fonts/map/pdftex/updmap/pdftex.map}{/Users/mac/Library/TinyTeX/texmf-dist/fonts/enc/dvips/base/8r.enc}{/Users/mac/Library/TinyTeX/texmf-dist/fonts/enc/dvips/inconsolata/i4-t1-0.enc}]
[2] (/private/var/folders/lv/74nm7z452ydf2qvhyy53m2800000gn/T/RtmpYapd35/Rd2pdf146db19dcd087/Rd2.ind
[3]

[4]) (/private/var/folders/lv/74nm7z452ydf2qvhyy53m2800000gn/T/RtmpYapd35/Rd2pdf146db19dcd087/Rd2.aux)

Package rerunfilecheck Warning: File `Rd2.out' has changed.
(rerunfilecheck)                Rerun to get outlines right
(rerunfilecheck)                or use package `bookmark'.

 )</Users/mac/Library/TinyTeX/texmf-dist/fonts/type1/public/inconsolata/Inconsolata-zi4r.pfb></Users/mac/Library/TinyTeX/texmf-dist/fonts/type1/urw/times/utmb8a.pfb></Users/mac/Library/TinyTeX/texmf-dist/fonts/type1/urw/times/utmr8a.pfb></Users/mac/Library/TinyTeX/texmf-dist/fonts/type1/urw/times/utmr8a.pfb></Users/mac/Library/TinyTeX/texmf-dist/fonts/type1/urw/times/utmri8a.pfb>
Output written on Rd2.pdf (4 pages, 73609 bytes).
Transcript written on Rd2.log.
This is makeindex, version 2.17 [TeX Live 2024] (kpathsea + Thai support).
Scanning input file Rd2.idx....done (4 entries accepted, 0 rejected).
Sorting entries....done (9 comparisons).
Generating output file Rd2.ind....done (11 lines written, 0 warnings).
Output written in Rd2.ind.
Transcript written in Rd2.ilg.
This is pdfTeX, Version 3.141592653-2.6-1.40.26 (TeX Live 2024) (preloaded format=pdflatex)
 restricted \write18 enabled.
entering extended mode
LaTeX2e <2024-11-01> patch level 1
L3 programming layer <2024-12-09>
(./Rd2.tex
(/Users/mac/Library/TinyTeX/texmf-dist/tex/latex/base/book.cls
Document Class: book 2024/06/29 v1.4n Standard LaTeX document class
(/Users/mac/Library/TinyTeX/texmf-dist/tex/latex/base/bk10.clo)) (/Library/Frameworks/R.framework/Resources/share/texmf/tex/latex/Rd.sty (/Users/mac/Library/TinyTeX/texmf-dist/tex/latex/base/ifthen.sty) (/Users/mac/Library/TinyTeX/texmf-dist/tex/generic/iftex/iftex.sty) (/Users/mac/Library/TinyTeX/texmf-dist/tex/latex/tools/longtable.sty) (/Users/mac/Library/TinyTeX/texmf-dist/tex/latex/tools/bm.sty) (/Users/mac/Library/TinyTeX/texmf-dist/tex/latex/base/alltt.sty) (/Users/mac/Library/TinyTeX/texmf-dist/tex/latex/tools/verbatim.sty) (/Users/mac/Library/TinyTeX/texmf-dist/tex/latex/url/url.sty) (/Users/mac/Library/TinyTeX/texmf-dist/tex/latex/base/textcomp.sty) (/Users/mac/Library/TinyTeX/texmf-dist/tex/latex/amsmath/amsmath.sty
For additional information on amsmath, use the `?' option.
(/Users/mac/Library/TinyTeX/texmf-dist/tex/latex/amsmath/amstext.sty (/Users/mac/Library/TinyTeX/texmf-dist/tex/latex/amsmath/amsgen.sty)) (/Users/mac/Library/TinyTeX/texmf-dist/tex/latex/amsmath/amsbsy.sty) (/Users/mac/Library/TinyTeX/texmf-dist/tex/latex/amsmath/amsopn.sty)) (/Users/mac/Library/TinyTeX/texmf-dist/tex/latex/amsfonts/amsfonts.sty) (/Users/mac/Library/TinyTeX/texmf-dist/tex/latex/amsfonts/amssymb.sty) (/Users/mac/Library/TinyTeX/texmf-dist/tex/latex/amsfonts/eucal.sty) (/Users/mac/Library/TinyTeX/texmf-dist/tex/latex/base/fontenc.sty) (/Users/mac/Library/TinyTeX/texmf-dist/tex/latex/psnfss/times.sty) (/Users/mac/Library/TinyTeX/texmf-dist/tex/latex/inconsolata/zi4.sty `inconsolata-zi4' v1.12, 2019/05/17 Text macros for Inconsolata (msharpe) (/Users/mac/Library/TinyTeX/texmf-dist/tex/latex/xkeyval/xkeyval.sty (/Users/mac/Library/TinyTeX/texmf-dist/tex/generic/xkeyval/xkeyval.tex (/Users/mac/Library/TinyTeX/texmf-dist/tex/generic/xkeyval/xkvutils.tex (/Users/mac/Library/TinyTeX/texmf-dist/tex/generic/xkeyval/keyval.tex))))) (/Users/mac/Library/TinyTeX/texmf-dist/tex/latex/graphics/color.sty (/Users/mac/Library/TinyTeX/texmf-dist/tex/latex/graphics-cfg/color.cfg) (/Users/mac/Library/TinyTeX/texmf-dist/tex/latex/graphics-def/pdftex.def) (/Users/mac/Library/TinyTeX/texmf-dist/tex/latex/graphics/mathcolor.ltx)) (/Users/mac/Library/TinyTeX/texmf-dist/tex/latex/hyperref/hyperref.sty (/Users/mac/Library/TinyTeX/texmf-dist/tex/latex/kvsetkeys/kvsetkeys.sty) (/Users/mac/Library/TinyTeX/texmf-dist/tex/generic/kvdefinekeys/kvdefinekeys.sty) (/Users/mac/Library/TinyTeX/texmf-dist/tex/generic/pdfescape/pdfescape.sty (/Users/mac/Library/TinyTeX/texmf-dist/tex/generic/ltxcmds/ltxcmds.sty) (/Users/mac/Library/TinyTeX/texmf-dist/tex/generic/pdftexcmds/pdftexcmds.sty (/Users/mac/Library/TinyTeX/texmf-dist/tex/generic/infwarerr/infwarerr.sty))) (/Users/mac/Library/TinyTeX/texmf-dist/tex/latex/hycolor/hycolor.sty) (/Users/mac/Library/TinyTeX/texmf-dist/tex/latex/hyperref/nameref.sty (/Users/mac/Library/TinyTeX/texmf-dist/tex/latex/refcount/refcount.sty) (/Users/mac/Library/TinyTeX/texmf-dist/tex/generic/gettitlestring/gettitlestring.sty (/Users/mac/Library/TinyTeX/texmf-dist/tex/latex/kvoptions/kvoptions.sty))) (/Users/mac/Library/TinyTeX/texmf-dist/tex/latex/etoolbox/etoolbox.sty) (/Users/mac/Library/TinyTeX/texmf-dist/tex/generic/stringenc/stringenc.sty) (/Users/mac/Library/TinyTeX/texmf-dist/tex/latex/hyperref/pd1enc.def) (/Users/mac/Library/TinyTeX/texmf-dist/tex/generic/intcalc/intcalc.sty) (/Users/mac/Library/TinyTeX/texmf-dist/tex/latex/hyperref/puenc.def) (/Users/mac/Library/TinyTeX/texmf-dist/tex/generic/bitset/bitset.sty (/Users/mac/Library/TinyTeX/texmf-dist/tex/generic/bigintcalc/bigintcalc.sty)) (/Users/mac/Library/TinyTeX/texmf-dist/tex/latex/base/atbegshi-ltx.sty)) (/Users/mac/Library/TinyTeX/texmf-dist/tex/latex/hyperref/hpdftex.def (/Users/mac/Library/TinyTeX/texmf-dist/tex/latex/base/atveryend-ltx.sty) (/Users/mac/Library/TinyTeX/texmf-dist/tex/latex/rerunfilecheck/rerunfilecheck.sty (/Users/mac/Library/TinyTeX/texmf-dist/tex/generic/uniquecounter/uniquecounter.sty)))) (/Users/mac/Library/TinyTeX/texmf-dist/tex/latex/base/makeidx.sty)
Writing index file Rd2.idx
(/Users/mac/Library/TinyTeX/texmf-dist/tex/latex/psnfss/t1ptm.fd) (/Users/mac/Library/TinyTeX/texmf-dist/tex/latex/l3backend/l3backend-pdftex.def) (/private/var/folders/lv/74nm7z452ydf2qvhyy53m2800000gn/T/RtmpYapd35/Rd2pdf146db19dcd087/Rd2.aux) (/private/var/folders/lv/74nm7z452ydf2qvhyy53m2800000gn/T/RtmpYapd35/Rd2pdf146db19dcd087/Rd2.out) (/private/var/folders/lv/74nm7z452ydf2qvhyy53m2800000gn/T/RtmpYapd35/Rd2pdf146db19dcd087/Rd2.out) (/Users/mac/Library/TinyTeX/texmf-dist/tex/latex/inconsolata/t1zi4.fd) (/private/var/folders/lv/74nm7z452ydf2qvhyy53m2800000gn/T/RtmpYapd35/Rd2pdf146db19dcd087/Rd2.toc (/Users/mac/Library/TinyTeX/texmf-dist/tex/latex/amsfonts/umsa.fd) (/Users/mac/Library/TinyTeX/texmf-dist/tex/latex/amsfonts/umsb.fd))
[1{/Users/mac/Library/TinyTeX/texmf-var/fonts/map/pdftex/updmap/pdftex.map}{/Users/mac/Library/TinyTeX/texmf-dist/fonts/enc/dvips/base/8r.enc}{/Users/mac/Library/TinyTeX/texmf-dist/fonts/enc/dvips/inconsolata/i4-t1-0.enc}]
[2] (/private/var/folders/lv/74nm7z452ydf2qvhyy53m2800000gn/T/RtmpYapd35/Rd2pdf146db19dcd087/Rd2.ind
[3]

[4]) (/private/var/folders/lv/74nm7z452ydf2qvhyy53m2800000gn/T/RtmpYapd35/Rd2pdf146db19dcd087/Rd2.aux) )</Users/mac/Library/TinyTeX/texmf-dist/fonts/type1/public/inconsolata/Inconsolata-zi4r.pfb></Users/mac/Library/TinyTeX/texmf-dist/fonts/type1/urw/times/utmb8a.pfb></Users/mac/Library/TinyTeX/texmf-dist/fonts/type1/urw/times/utmr8a.pfb></Users/mac/Library/TinyTeX/texmf-dist/fonts/type1/urw/times/utmr8a.pfb></Users/mac/Library/TinyTeX/texmf-dist/fonts/type1/urw/times/utmri8a.pfb>
Output written on Rd2.pdf (4 pages, 74204 bytes).
Transcript written on Rd2.log.
Saving output to ‘shoppingwords-manual.pdf’ ...
Done
You may want to clean up by 'rm -Rf /var/folders/lv/74nm7z452ydf2qvhyy53m2800000gn/T//RtmpYapd35/Rd2pdf146db19dcd087'
